\BOOKMARK [1][-]{section.1}{\376\377\000T\000h\000e\000o\000r\000y}{}% 1
\BOOKMARK [2][-]{subsection.1.1}{\376\377\000F\000o\000r\000m\000u\000l\000a\000r\000y}{section.1}% 2
\BOOKMARK [3][-]{section*.2}{\376\377\000T\000h\000e\000r\000m\000o\000d\000y\000n\000a\000m\000i\000c\000s}{subsection.1.1}% 3
\BOOKMARK [3][-]{section*.3}{\376\377\000C\000o\000n\000t\000i\000n\000u\000o\000u\000s\000\040\000o\000n\000e\000-\000d\000i\000m\000e\000n\000s\000i\000o\000n\000a\000l\000\040\000f\000l\000o\000w}{subsection.1.1}% 4
\BOOKMARK [2][-]{subsection.1.2}{\376\377\000F\000o\000u\000n\000d\000a\000t\000i\000o\000n\000a\000l\000\040\000p\000r\000i\000n\000c\000i\000p\000l\000e\000s}{section.1}% 5
\BOOKMARK [3][-]{section*.16}{\376\377\000I\000d\000e\000a\000l\000i\000z\000e\000d\000\040\000f\000l\000o\000w\000\040\000r\000e\000g\000i\000m\000e\000s}{subsection.1.2}% 6
\BOOKMARK [3][-]{section*.17}{\376\377\000T\000u\000r\000b\000u\000l\000e\000n\000c\000e}{subsection.1.2}% 7
\BOOKMARK [3][-]{section*.18}{\376\377\000M\000a\000c\000h\000\040\000r\000e\000g\000i\000m\000e\000s}{subsection.1.2}% 8
\BOOKMARK [3][-]{section*.19}{\376\377\000D\000i\000m\000e\000n\000s\000i\000o\000n\000a\000l\000i\000t\000y\000\040\000o\000f\000\040\000t\000h\000e\000\040\000f\000l\000o\000w}{subsection.1.2}% 9
\BOOKMARK [1][-]{section.2}{\376\377\000A\000n\000a\000l\000y\000t\000i\000c\000a\000l\000\040\000w\000o\000r\000k}{}% 10
\BOOKMARK [2][-]{subsection.2.1}{\376\377\000S\000c\000o\000p\000e\000\040\000a\000n\000d\000\040\000o\000b\000j\000e\000c\000t\000i\000v\000e\000s}{section.2}% 11
\BOOKMARK [3][-]{section*.20}{\376\377\000G\000e\000o\000m\000e\000t\000r\000y\000\040\000a\000n\000d\000\040\000c\000o\000m\000p\000o\000n\000e\000n\000t\000s}{subsection.2.1}% 12
\BOOKMARK [3][-]{section*.21}{\376\377\000M\000o\000t\000i\000v\000a\000t\000i\000o\000n\000\040\000a\000n\000d\000\040\000g\000o\000a\000l\000s}{subsection.2.1}% 13
\BOOKMARK [2][-]{subsection.2.2}{\376\377\000F\000r\000a\000m\000e\000w\000o\000r\000k\000\040\000f\000o\000r\000\040\000A\000n\000a\000l\000y\000s\000i\000s}{section.2}% 14
\BOOKMARK [3][-]{section*.22}{\376\377\000I\000m\000p\000o\000r\000t\000a\000n\000t\000\040\000a\000s\000s\000u\000m\000p\000t\000i\000o\000n\000s}{subsection.2.2}% 15
\BOOKMARK [3][-]{section*.23}{\376\377\000R\000e\000g\000i\000o\000n\000s\000\040\000o\000f\000\040\000i\000n\000t\000e\000r\000e\000s\000t}{subsection.2.2}% 16
\BOOKMARK [3][-]{section*.24}{\376\377\000L\000i\000m\000i\000t\000s\000\040\000o\000f\000\040\000t\000h\000e\000\040\000t\000h\000e\000o\000r\000y}{subsection.2.2}% 17
\BOOKMARK [2][-]{subsection.2.3}{\376\377\000A\000n\000a\000l\000y\000t\000i\000c\000a\000l\000\040\000D\000e\000s\000c\000r\000i\000p\000t\000i\000o\000n\000s}{section.2}% 18
\BOOKMARK [1][-]{section.3}{\376\377\000D\000i\000s\000c\000u\000s\000s\000i\000o\000n}{}% 19
\BOOKMARK [1][-]{section.4}{\376\377\000C\000o\000n\000c\000l\000u\000s\000i\000o\000n}{}% 20
\BOOKMARK [1][-]{section.4}{\376\377\000R\000e\000f\000e\000r\000e\000n\000c\000e\000s}{}% 21
